Created directory C:\COMPUBIB

Starting new log
Fri Mar 11 21:24:22 2011: 
Compubíblia
Retrieving external file: COMPOBJ.DLL
Copying C:\USERS\JAIME\DOCUME~1\OTROS\MAQUIN~1\INSTAL~1\COMPUB~1\DLLS\COMPOBJ.DLL to C:\Windows\system\COMPOBJ.DLL
Creating file C:\Windows\system\COMPOBJ.DLL
Retrieving external file: CTL3DV2.DLL
Copying C:\USERS\JAIME\DOCUME~1\OTROS\MAQUIN~1\INSTAL~1\COMPUB~1\DLLS\CTL3DV2.DLL to C:\Windows\system\CTL3DV2.DLL
Creating file C:\Windows\system\CTL3DV2.DLL
Retrieving external file: LEAD40.DLL
Copying C:\USERS\JAIME\DOCUME~1\OTROS\MAQUIN~1\INSTAL~1\COMPUB~1\DLLS\LEAD40.DLL to C:\Windows\system\LEAD40.DLL
Creating file C:\Windows\system\LEAD40.DLL
Retrieving external file: LFAVI70W.DLL
Copying C:\USERS\JAIME\DOCUME~1\OTROS\MAQUIN~1\INSTAL~1\COMPUB~1\DLLS\LFAVI70W.DLL to C:\Windows\system\LFAVI70W.DLL
Creating file C:\Windows\system\LFAVI70W.DLL
Retrieving external file: LFBMP70W.DLL
Copying C:\USERS\JAIME\DOCUME~1\OTROS\MAQUIN~1\INSTAL~1\COMPUB~1\DLLS\LFBMP70W.DLL to C:\Windows\system\LFBMP70W.DLL
Creating file C:\Windows\system\LFBMP70W.DLL
Retrieving external file: LFCAL70W.DLL
Copying C:\USERS\JAIME\DOCUME~1\OTROS\MAQUIN~1\INSTAL~1\COMPUB~1\DLLS\LFCAL70W.DLL to C:\Windows\system\LFCAL70W.DLL
Creating file C:\Windows\system\LFCAL70W.DLL
Retrieving external file: LFCMP70W.DLL
Copying C:\USERS\JAIME\DOCUME~1\OTROS\MAQUIN~1\INSTAL~1\COMPUB~1\DLLS\LFCMP70W.DLL to C:\Windows\system\LFCMP70W.DLL
Creating file C:\Windows\system\LFCMP70W.DLL
Retrieving external file: LFDIC70W.DLL
Copying C:\USERS\JAIME\DOCUME~1\OTROS\MAQUIN~1\INSTAL~1\COMPUB~1\DLLS\LFDIC70W.DLL to C:\Windows\system\LFDIC70W.DLL
Creating file C:\Windows\system\LFDIC70W.DLL
Retrieving external file: LFEPS70W.DLL
Copying C:\USERS\JAIME\DOCUME~1\OTROS\MAQUIN~1\INSTAL~1\COMPUB~1\DLLS\LFEPS70W.DLL to C:\Windows\system\LFEPS70W.DLL
Creating file C:\Windows\system\LFEPS70W.DLL
Retrieving external file: LFFAX70W.DLL
Copying C:\USERS\JAIME\DOCUME~1\OTROS\MAQUIN~1\INSTAL~1\COMPUB~1\DLLS\LFFAX70W.DLL to C:\Windows\system\LFFAX70W.DLL
Creating file C:\Windows\system\LFFAX70W.DLL
Retrieving external file: LFICA70W.DLL
Copying C:\USERS\JAIME\DOCUME~1\OTROS\MAQUIN~1\INSTAL~1\COMPUB~1\DLLS\LFICA70W.DLL to C:\Windows\system\LFICA70W.DLL
Creating file C:\Windows\system\LFICA70W.DLL
Retrieving external file: LFIMG70W.DLL
Copying C:\USERS\JAIME\DOCUME~1\OTROS\MAQUIN~1\INSTAL~1\COMPUB~1\DLLS\LFIMG70W.DLL to C:\Windows\system\LFIMG70W.DLL
Creating file C:\Windows\system\LFIMG70W.DLL
Retrieving external file: LFLMA70W.DLL
Copying C:\USERS\JAIME\DOCUME~1\OTROS\MAQUIN~1\INSTAL~1\COMPUB~1\DLLS\LFLMA70W.DLL to C:\Windows\system\LFLMA70W.DLL
Creating file C:\Windows\system\LFLMA70W.DLL
Retrieving external file: LFLMB70W.DLL
Copying C:\USERS\JAIME\DOCUME~1\OTROS\MAQUIN~1\INSTAL~1\COMPUB~1\DLLS\LFLMB70W.DLL to C:\Windows\system\LFLMB70W.DLL
Creating file C:\Windows\system\LFLMB70W.DLL
Retrieving external file: LFMAC70W.DLL
Copying C:\USERS\JAIME\DOCUME~1\OTROS\MAQUIN~1\INSTAL~1\COMPUB~1\DLLS\LFMAC70W.DLL to C:\Windows\system\LFMAC70W.DLL
Creating file C:\Windows\system\LFMAC70W.DLL
Retrieving external file: LFMSP70W.DLL
Copying C:\USERS\JAIME\DOCUME~1\OTROS\MAQUIN~1\INSTAL~1\COMPUB~1\DLLS\LFMSP70W.DLL to C:\Windows\system\LFMSP70W.DLL
Creating file C:\Windows\system\LFMSP70W.DLL
Retrieving external file: LFPCD70W.DLL
Copying C:\USERS\JAIME\DOCUME~1\OTROS\MAQUIN~1\INSTAL~1\COMPUB~1\DLLS\LFPCD70W.DLL to C:\Windows\system\LFPCD70W.DLL
Creating file C:\Windows\system\LFPCD70W.DLL
Retrieving external file: LFPCT70W.DLL
Copying C:\USERS\JAIME\DOCUME~1\OTROS\MAQUIN~1\INSTAL~1\COMPUB~1\DLLS\LFPCT70W.DLL to C:\Windows\system\LFPCT70W.DLL
Creating file C:\Windows\system\LFPCT70W.DLL
Retrieving external file: LFPCX70W.DLL
Copying C:\USERS\JAIME\DOCUME~1\OTROS\MAQUIN~1\INSTAL~1\COMPUB~1\DLLS\LFPCX70W.DLL to C:\Windows\system\LFPCX70W.DLL
Creating file C:\Windows\system\LFPCX70W.DLL
Retrieving external file: LFPNG70W.DLL
Copying C:\USERS\JAIME\DOCUME~1\OTROS\MAQUIN~1\INSTAL~1\COMPUB~1\DLLS\LFPNG70W.DLL to C:\Windows\system\LFPNG70W.DLL
Creating file C:\Windows\system\LFPNG70W.DLL
Retrieving external file: LFPSD70W.DLL
Copying C:\USERS\JAIME\DOCUME~1\OTROS\MAQUIN~1\INSTAL~1\COMPUB~1\DLLS\LFPSD70W.DLL to C:\Windows\system\LFPSD70W.DLL
Creating file C:\Windows\system\LFPSD70W.DLL
Retrieving external file: LFRAS70W.DLL
Copying C:\USERS\JAIME\DOCUME~1\OTROS\MAQUIN~1\INSTAL~1\COMPUB~1\DLLS\LFRAS70W.DLL to C:\Windows\system\LFRAS70W.DLL
Creating file C:\Windows\system\LFRAS70W.DLL
Retrieving external file: LFTGA70W.DLL
Copying C:\USERS\JAIME\DOCUME~1\OTROS\MAQUIN~1\INSTAL~1\COMPUB~1\DLLS\LFTGA70W.DLL to C:\Windows\system\LFTGA70W.DLL
Creating file C:\Windows\system\LFTGA70W.DLL
Retrieving external file: LFTIF70W.DLL
Copying C:\USERS\JAIME\DOCUME~1\OTROS\MAQUIN~1\INSTAL~1\COMPUB~1\DLLS\LFTIF70W.DLL to C:\Windows\system\LFTIF70W.DLL
Creating file C:\Windows\system\LFTIF70W.DLL
Retrieving external file: LFWFX70W.DLL
Copying C:\USERS\JAIME\DOCUME~1\OTROS\MAQUIN~1\INSTAL~1\COMPUB~1\DLLS\LFWFX70W.DLL to C:\Windows\system\LFWFX70W.DLL
Creating file C:\Windows\system\LFWFX70W.DLL
Retrieving external file: LFWMF70W.DLL
Copying C:\USERS\JAIME\DOCUME~1\OTROS\MAQUIN~1\INSTAL~1\COMPUB~1\DLLS\LFWMF70W.DLL to C:\Windows\system\LFWMF70W.DLL
Creating file C:\Windows\system\LFWMF70W.DLL
Retrieving external file: LFWPG70W.DLL
Copying C:\USERS\JAIME\DOCUME~1\OTROS\MAQUIN~1\INSTAL~1\COMPUB~1\DLLS\LFWPG70W.DLL to C:\Windows\system\LFWPG70W.DLL
Creating file C:\Windows\system\LFWPG70W.DLL
Retrieving external file: LTANN70W.DLL
Copying C:\USERS\JAIME\DOCUME~1\OTROS\MAQUIN~1\INSTAL~1\COMPUB~1\DLLS\LTANN70W.DLL to C:\Windows\system\LTANN70W.DLL
Creating file C:\Windows\system\LTANN70W.DLL
Retrieving external file: LTFIL70W.DLL
Copying C:\USERS\JAIME\DOCUME~1\OTROS\MAQUIN~1\INSTAL~1\COMPUB~1\DLLS\LTFIL70W.DLL to C:\Windows\system\LTFIL70W.DLL
Creating file C:\Windows\system\LTFIL70W.DLL
Retrieving external file: LTIMG70W.DLL
Copying C:\USERS\JAIME\DOCUME~1\OTROS\MAQUIN~1\INSTAL~1\COMPUB~1\DLLS\LTIMG70W.DLL to C:\Windows\system\LTIMG70W.DLL
Creating file C:\Windows\system\LTIMG70W.DLL
Retrieving external file: LTKRN70W.DLL
Copying C:\USERS\JAIME\DOCUME~1\OTROS\MAQUIN~1\INSTAL~1\COMPUB~1\DLLS\LTKRN70W.DLL to C:\Windows\system\LTKRN70W.DLL
Creating file C:\Windows\system\LTKRN70W.DLL
Retrieving external file: LTTHK70W.DLL
Copying C:\USERS\JAIME\DOCUME~1\OTROS\MAQUIN~1\INSTAL~1\COMPUB~1\DLLS\LTTHK70W.DLL to C:\Windows\system\LTTHK70W.DLL
Creating file C:\Windows\system\LTTHK70W.DLL
Retrieving external file: LTTWN70W.DLL
Copying C:\USERS\JAIME\DOCUME~1\OTROS\MAQUIN~1\INSTAL~1\COMPUB~1\DLLS\LTTWN70W.DLL to C:\Windows\system\LTTWN70W.DLL
Creating file C:\Windows\system\LTTWN70W.DLL
Retrieving external file: LTWND70W.DLL
Copying C:\USERS\JAIME\DOCUME~1\OTROS\MAQUIN~1\INSTAL~1\COMPUB~1\DLLS\LTWND70W.DLL to C:\Windows\system\LTWND70W.DLL
Creating file C:\Windows\system\LTWND70W.DLL
Retrieving external file: MFCOLEUI.DLL
Copying C:\USERS\JAIME\DOCUME~1\OTROS\MAQUIN~1\INSTAL~1\COMPUB~1\DLLS\MFCOLEUI.DLL to C:\Windows\system\MFCOLEUI.DLL
Creating file C:\Windows\system\MFCOLEUI.DLL
Retrieving external file: OLE2.DLL
Copying C:\USERS\JAIME\DOCUME~1\OTROS\MAQUIN~1\INSTAL~1\COMPUB~1\DLLS\OLE2.DLL to C:\Windows\system\OLE2.DLL
Creating file C:\Windows\system\OLE2.DLL
Retrieving external file: OLE2CONV.DLL
Copying C:\USERS\JAIME\DOCUME~1\OTROS\MAQUIN~1\INSTAL~1\COMPUB~1\DLLS\OLE2CONV.DLL to C:\Windows\system\OLE2CONV.DLL
Creating file C:\Windows\system\OLE2CONV.DLL
Retrieving external file: OLE2DISP.DLL
Copying C:\USERS\JAIME\DOCUME~1\OTROS\MAQUIN~1\INSTAL~1\COMPUB~1\DLLS\OLE2DISP.DLL to C:\Windows\system\OLE2DISP.DLL
Creating file C:\Windows\system\OLE2DISP.DLL
Retrieving external file: OLE2NLS.DLL
Copying C:\USERS\JAIME\DOCUME~1\OTROS\MAQUIN~1\INSTAL~1\COMPUB~1\DLLS\OLE2NLS.DLL to C:\Windows\system\OLE2NLS.DLL
Creating file C:\Windows\system\OLE2NLS.DLL
Retrieving external file: OLE2PROX.DLL
Copying C:\USERS\JAIME\DOCUME~1\OTROS\MAQUIN~1\INSTAL~1\COMPUB~1\DLLS\OLE2PROX.DLL to C:\Windows\system\OLE2PROX.DLL
Creating file C:\Windows\system\OLE2PROX.DLL
C:\Windows\system\OLECLI.DLL -- Current version file already exists, skipping.
C:\Windows\system\OLESVR.DLL -- Current version file already exists, skipping.
Retrieving external file: STORAGE.DLL
Copying C:\USERS\JAIME\DOCUME~1\OTROS\MAQUIN~1\INSTAL~1\COMPUB~1\DLLS\STORAGE.DLL to C:\Windows\system\STORAGE.DLL
Creating file C:\Windows\system\STORAGE.DLL
Retrieving external file: TYPELIB.DLL
Copying C:\USERS\JAIME\DOCUME~1\OTROS\MAQUIN~1\INSTAL~1\COMPUB~1\DLLS\TYPELIB.DLL to C:\Windows\system\TYPELIB.DLL
Creating file C:\Windows\system\TYPELIB.DLL
File C:\Windows\system\GRII.FOT couuld not be located for deletion.
File C:\Windows\system\HEBII.FOT couuld not be located for deletion.
Retrieving external file: GRII.TTF
Copying C:\USERS\JAIME\DOCUME~1\OTROS\MAQUIN~1\INSTAL~1\COMPUB~1\FONTS\GRII.TTF to C:\Windows\system\GRII.TTF
Creating file C:\Windows\system\GRII.TTF
Retrieving external file: GRIIB.TTF
Copying C:\USERS\JAIME\DOCUME~1\OTROS\MAQUIN~1\INSTAL~1\COMPUB~1\FONTS\GRIIB.TTF to C:\Windows\system\GRIIB.TTF
Creating file C:\Windows\system\GRIIB.TTF
Retrieving external file: GRIIBI.TTF
Copying C:\USERS\JAIME\DOCUME~1\OTROS\MAQUIN~1\INSTAL~1\COMPUB~1\FONTS\GRIIBI.TTF to C:\Windows\system\GRIIBI.TTF
Creating file C:\Windows\system\GRIIBI.TTF
Retrieving external file: GRIII.TTF
Copying C:\USERS\JAIME\DOCUME~1\OTROS\MAQUIN~1\INSTAL~1\COMPUB~1\FONTS\GRIII.TTF to C:\Windows\system\GRIII.TTF
Creating file C:\Windows\system\GRIII.TTF
Retrieving external file: HEBII.TTF
Copying C:\USERS\JAIME\DOCUME~1\OTROS\MAQUIN~1\INSTAL~1\COMPUB~1\FONTS\HEBII.TTF to C:\Windows\system\HEBII.TTF
Creating file C:\Windows\system\HEBII.TTF
Retrieving external file: LRSSYS1.TTF
Copying C:\USERS\JAIME\DOCUME~1\OTROS\MAQUIN~1\INSTAL~1\COMPUB~1\FONTS\LRSSYS1.TTF to C:\Windows\system\LRSSYS1.TTF
Creating file C:\Windows\system\LRSSYS1.TTF
Retrieving external file: LRSSYS2.TTF
Copying C:\USERS\JAIME\DOCUME~1\OTROS\MAQUIN~1\INSTAL~1\COMPUB~1\FONTS\LRSSYS2.TTF to C:\Windows\system\LRSSYS2.TTF
Creating file C:\Windows\system\LRSSYS2.TTF
Retrieving external file: LRSSYS3.TTF
Copying C:\USERS\JAIME\DOCUME~1\OTROS\MAQUIN~1\INSTAL~1\COMPUB~1\FONTS\LRSSYS3.TTF to C:\Windows\system\LRSSYS3.TTF
Creating file C:\Windows\system\LRSSYS3.TTF
Retrieving external file: LRSSYS4.TTF
Copying C:\USERS\JAIME\DOCUME~1\OTROS\MAQUIN~1\INSTAL~1\COMPUB~1\FONTS\LRSSYS4.TTF to C:\Windows\system\LRSSYS4.TTF
Creating file C:\Windows\system\LRSSYS4.TTF
Retrieving external file: SED.TTF
Copying C:\USERS\JAIME\DOCUME~1\OTROS\MAQUIN~1\INSTAL~1\COMPUB~1\FONTS\SED.TTF to C:\Windows\system\SED.TTF
Creating file C:\Windows\system\SED.TTF
Retrieving external file: SEDB.TTF
Copying C:\USERS\JAIME\DOCUME~1\OTROS\MAQUIN~1\INSTAL~1\COMPUB~1\FONTS\SEDB.TTF to C:\Windows\system\SEDB.TTF
Creating file C:\Windows\system\SEDB.TTF
Retrieving external file: SEDBI.TTF
Copying C:\USERS\JAIME\DOCUME~1\OTROS\MAQUIN~1\INSTAL~1\COMPUB~1\FONTS\SEDBI.TTF to C:\Windows\system\SEDBI.TTF
Creating file C:\Windows\system\SEDBI.TTF
Retrieving external file: SEDI.TTF
Copying C:\USERS\JAIME\DOCUME~1\OTROS\MAQUIN~1\INSTAL~1\COMPUB~1\FONTS\SEDI.TTF to C:\Windows\system\SEDI.TTF
Creating file C:\Windows\system\SEDI.TTF
Retrieving external file: SILDIPA_.TTF
Copying C:\USERS\JAIME\DOCUME~1\OTROS\MAQUIN~1\INSTAL~1\COMPUB~1\FONTS\SILDIPA_.TTF to C:\Windows\system\SILDIPA_.TTF
Creating file C:\Windows\system\SILDIPA_.TTF
Retrieving external file: SILMIPA_.TTF
Copying C:\USERS\JAIME\DOCUME~1\OTROS\MAQUIN~1\INSTAL~1\COMPUB~1\FONTS\SILMIPA_.TTF to C:\Windows\system\SILMIPA_.TTF
Creating file C:\Windows\system\SILMIPA_.TTF
Retrieving external file: SILSIPA_.TTF
Copying C:\USERS\JAIME\DOCUME~1\OTROS\MAQUIN~1\INSTAL~1\COMPUB~1\FONTS\SILSIPA_.TTF to C:\Windows\system\SILSIPA_.TTF
Creating file C:\Windows\system\SILSIPA_.TTF
Retrieving external file: TRRAH.TTF
Copying C:\USERS\JAIME\DOCUME~1\OTROS\MAQUIN~1\INSTAL~1\COMPUB~1\FONTS\TRRAH.TTF to C:\Windows\system\TRRAH.TTF
Creating file C:\Windows\system\TRRAH.TTF
Retrieving external file: TRRAHB.TTF
Copying C:\USERS\JAIME\DOCUME~1\OTROS\MAQUIN~1\INSTAL~1\COMPUB~1\FONTS\TRRAHB.TTF to C:\Windows\system\TRRAHB.TTF
Creating file C:\Windows\system\TRRAHB.TTF
Retrieving external file: TRRAHBI.TTF
Copying C:\USERS\JAIME\DOCUME~1\OTROS\MAQUIN~1\INSTAL~1\COMPUB~1\FONTS\TRRAHBI.TTF to C:\Windows\system\TRRAHBI.TTF
Creating file C:\Windows\system\TRRAHBI.TTF
Retrieving external file: TRRAHI.TTF
Copying C:\USERS\JAIME\DOCUME~1\OTROS\MAQUIN~1\INSTAL~1\COMPUB~1\FONTS\TRRAHI.TTF to C:\Windows\system\TRRAHI.TTF
Creating file C:\Windows\system\TRRAHI.TTF
Retrieving external file: TRRD.TTF
Copying C:\USERS\JAIME\DOCUME~1\OTROS\MAQUIN~1\INSTAL~1\COMPUB~1\FONTS\TRRD.TTF to C:\Windows\system\TRRD.TTF
Creating file C:\Windows\system\TRRD.TTF
Retrieving external file: TRRDB.TTF
Copying C:\USERS\JAIME\DOCUME~1\OTROS\MAQUIN~1\INSTAL~1\COMPUB~1\FONTS\TRRDB.TTF to C:\Windows\system\TRRDB.TTF
Creating file C:\Windows\system\TRRDB.TTF
Retrieving external file: TRRDBI.TTF
Copying C:\USERS\JAIME\DOCUME~1\OTROS\MAQUIN~1\INSTAL~1\COMPUB~1\FONTS\TRRDBI.TTF to C:\Windows\system\TRRDBI.TTF
Creating file C:\Windows\system\TRRDBI.TTF
Retrieving external file: TRRDI.TTF
Copying C:\USERS\JAIME\DOCUME~1\OTROS\MAQUIN~1\INSTAL~1\COMPUB~1\FONTS\TRRDI.TTF to C:\Windows\system\TRRDI.TTF
Creating file C:\Windows\system\TRRDI.TTF
Retrieving external file: LOGOS20.HLP
Copying C:\USERS\JAIME\DOCUME~1\OTROS\MAQUIN~1\INSTAL~1\COMPUB~1\HELP\LOGOS20.HLP to C:\COMPUBIB\LOGOS20.HLP
Creating file C:\COMPUBIB\LOGOS20.HLP
Retrieving external file: LINGUIST.HLP
Copying C:\USERS\JAIME\DOCUME~1\OTROS\MAQUIN~1\INSTAL~1\COMPUB~1\HELP\LINGUIST.HLP to C:\COMPUBIB\LINGUIST.HLP
Creating file C:\COMPUBIB\LINGUIST.HLP
Retrieving external file: DVI.EXE
Copying C:\USERS\JAIME\DOCUME~1\OTROS\MAQUIN~1\INSTAL~1\COMPUB~1\LOGOS20\DVI.EXE to C:\COMPUBIB\DVI.EXE
Creating file C:\COMPUBIB\DVI.EXE
Retrieving external file: LLS040A.DLL
Copying C:\USERS\JAIME\DOCUME~1\OTROS\MAQUIN~1\INSTAL~1\COMPUB~1\LOGOS20\LLS040A.DLL to C:\COMPUBIB\LLS040A.DLL
Creating file C:\COMPUBIB\LLS040A.DLL
Retrieving external file: SBUSPLSH.BMP
Copying C:\USERS\JAIME\DOCUME~1\OTROS\MAQUIN~1\INSTAL~1\COMPUB~1\LOGOS20\SBUSPLSH.BMP to C:\COMPUBIB\SBUSPLSH.BMP
Creating file C:\COMPUBIB\SBUSPLSH.BMP
Retrieving external file: LOGOS20.DOT
Copying C:\USERS\JAIME\DOCUME~1\OTROS\MAQUIN~1\INSTAL~1\COMPUB~1\LOGOS20\LOGOS20.DOT to C:\COMPUBIB\LOGOS20.DOT
Creating file C:\COMPUBIB\LOGOS20.DOT
Retrieving external file: LOGOS.EXE
Copying C:\USERS\JAIME\DOCUME~1\OTROS\MAQUIN~1\INSTAL~1\COMPUB~1\LOGOS20\LOGOS.EXE to C:\COMPUBIB\LOGOS.EXE
Creating file C:\COMPUBIB\LOGOS.EXE
Retrieving external file: LOGOS20.WCM
Copying C:\USERS\JAIME\DOCUME~1\OTROS\MAQUIN~1\INSTAL~1\COMPUB~1\LOGOS20\LOGOS20.WCM to C:\COMPUBIB\LOGOS20.WCM
Creating file C:\COMPUBIB\LOGOS20.WCM
Retrieving external file: LRSDVI16.DLL
Copying C:\USERS\JAIME\DOCUME~1\OTROS\MAQUIN~1\INSTAL~1\COMPUB~1\LOGOS20\LRSDVI16.DLL to C:\COMPUBIB\LRSDVI16.DLL
Creating file C:\COMPUBIB\LRSDVI16.DLL
Retrieving external file: LRSEXEC.EXE
Copying C:\USERS\JAIME\DOCUME~1\OTROS\MAQUIN~1\INSTAL~1\COMPUB~1\LOGOS20\LRSEXEC.EXE to C:\COMPUBIB\LRSEXEC.EXE
Creating file C:\COMPUBIB\LRSEXEC.EXE
Retrieving external file: LEAME.TXT
Copying C:\USERS\JAIME\DOCUME~1\OTROS\MAQUIN~1\INSTAL~1\COMPUB~1\LEAME.TXT to C:\COMPUBIB\LEAME.TXT
Creating file C:\COMPUBIB\LEAME.TXT
Retrieving external file: DEFAULT.BNM
Copying C:\USERS\JAIME\DOCUME~1\OTROS\MAQUIN~1\INSTAL~1\COMPUB~1\LRSYSTEM\DEFAULT.BNM to C:\LRSYSTEM\DEFAULT.BNM
Creating file C:\LRSYSTEM\DEFAULT.BNM
Retrieving external file: JEANNIE.DLL
Copying C:\USERS\JAIME\DOCUME~1\OTROS\MAQUIN~1\INSTAL~1\COMPUB~1\LRSYSTEM\JEANNIE.DLL to C:\LRSYSTEM\JEANNIE.DLL
Creating file C:\LRSYSTEM\JEANNIE.DLL
File C:\LRSYSTEM\LANGUAGE.DAT couuld not be located for deletion.
C:\LRSYSTEM\LRSDIST.DAT -- File already exists, skipping.
Retrieving external file: LRSLANG.DAT
Copying C:\USERS\JAIME\DOCUME~1\OTROS\MAQUIN~1\INSTAL~1\COMPUB~1\LRSYSTEM\LRSLANG.DAT to C:\LRSYSTEM\LRSLANG.DAT
Creating file C:\LRSYSTEM\LRSLANG.DAT
Retrieving external file: LRSLANG.DLL
Copying C:\USERS\JAIME\DOCUME~1\OTROS\MAQUIN~1\INSTAL~1\COMPUB~1\LRSYSTEM\LRSLANG.DLL to C:\LRSYSTEM\LRSLANG.DLL
Creating file C:\LRSYSTEM\LRSLANG.DLL
File C:\LRSYSTEM\LRSLOCAL.DAT could not be located.
Retrieving external file: MORPH.DAT
Copying C:\USERS\JAIME\DOCUME~1\OTROS\MAQUIN~1\INSTAL~1\COMPUB~1\LRSYSTEM\MORPH.DAT to C:\LRSYSTEM\MORPH.DAT
Creating file C:\LRSYSTEM\MORPH.DAT
Retrieving external file: NORMAL.CDB
Copying C:\USERS\JAIME\DOCUME~1\OTROS\MAQUIN~1\INSTAL~1\COMPUB~1\LRSYSTEM\NORMAL.CDB to C:\LRSYSTEM\NORMAL.CDB
Creating file C:\LRSYSTEM\NORMAL.CDB
Retrieving external file: CICR.LSR
Copying C:\USERS\JAIME\DOCUME~1\OTROS\MAQUIN~1\INSTAL~1\COMPUB~1\LRSYSTEM\CICR.LSR to C:\LRSYSTEM\CICR.LSR
Creating file C:\LRSYSTEM\CICR.LSR
Retrieving external file: DATE.LSR
Copying C:\USERS\JAIME\DOCUME~1\OTROS\MAQUIN~1\INSTAL~1\COMPUB~1\LRSYSTEM\DATE.LSR to C:\LRSYSTEM\DATE.LSR
Creating file C:\LRSYSTEM\DATE.LSR
Retrieving external file: ECF.LSR
Copying C:\USERS\JAIME\DOCUME~1\OTROS\MAQUIN~1\INSTAL~1\COMPUB~1\LRSYSTEM\ECF.LSR to C:\LRSYSTEM\ECF.LSR
Creating file C:\LRSYSTEM\ECF.LSR
Retrieving external file: GK.LSR
Copying C:\USERS\JAIME\DOCUME~1\OTROS\MAQUIN~1\INSTAL~1\COMPUB~1\LRSYSTEM\GK.LSR to C:\LRSYSTEM\GK.LSR
Creating file C:\LRSYSTEM\GK.LSR
Retrieving external file: JOSL.LSR
Copying C:\USERS\JAIME\DOCUME~1\OTROS\MAQUIN~1\INSTAL~1\COMPUB~1\LRSYSTEM\JOSL.LSR to C:\LRSYSTEM\JOSL.LSR
Creating file C:\LRSYSTEM\JOSL.LSR
Retrieving external file: JOSW.LSR
Copying C:\USERS\JAIME\DOCUME~1\OTROS\MAQUIN~1\INSTAL~1\COMPUB~1\LRSYSTEM\JOSW.LSR to C:\LRSYSTEM\JOSW.LSR
Creating file C:\LRSYSTEM\JOSW.LSR
Retrieving external file: NP.LSR
Copying C:\USERS\JAIME\DOCUME~1\OTROS\MAQUIN~1\INSTAL~1\COMPUB~1\LRSYSTEM\NP.LSR to C:\LRSYSTEM\NP.LSR
Creating file C:\LRSYSTEM\NP.LSR
Retrieving external file: PG.LSR
Copying C:\USERS\JAIME\DOCUME~1\OTROS\MAQUIN~1\INSTAL~1\COMPUB~1\LRSYSTEM\PG.LSR to C:\LRSYSTEM\PG.LSR
Creating file C:\LRSYSTEM\PG.LSR
Retrieving external file: PHIL.LSR
Copying C:\USERS\JAIME\DOCUME~1\OTROS\MAQUIN~1\INSTAL~1\COMPUB~1\LRSYSTEM\PHIL.LSR to C:\LRSYSTEM\PHIL.LSR
Creating file C:\LRSYSTEM\PHIL.LSR
Retrieving external file: STRG.LSR
Copying C:\USERS\JAIME\DOCUME~1\OTROS\MAQUIN~1\INSTAL~1\COMPUB~1\LRSYSTEM\STRG.LSR to C:\LRSYSTEM\STRG.LSR
Creating file C:\LRSYSTEM\STRG.LSR
Retrieving external file: TRIG.LSR
Copying C:\USERS\JAIME\DOCUME~1\OTROS\MAQUIN~1\INSTAL~1\COMPUB~1\LRSYSTEM\TRIG.LSR to C:\LRSYSTEM\TRIG.LSR
Creating file C:\LRSYSTEM\TRIG.LSR
Retrieving external file: VNP.LSR
Copying C:\USERS\JAIME\DOCUME~1\OTROS\MAQUIN~1\INSTAL~1\COMPUB~1\LRSYSTEM\VNP.LSR to C:\LRSYSTEM\VNP.LSR
Creating file C:\LRSYSTEM\VNP.LSR
Retrieving external file: VP.LSR
Copying C:\USERS\JAIME\DOCUME~1\OTROS\MAQUIN~1\INSTAL~1\COMPUB~1\LRSYSTEM\VP.LSR to C:\LRSYSTEM\VP.LSR
Creating file C:\LRSYSTEM\VP.LSR
Retrieving external file: WCNF.LSR
Copying C:\USERS\JAIME\DOCUME~1\OTROS\MAQUIN~1\INSTAL~1\COMPUB~1\LRSYSTEM\WCNF.LSR to C:\LRSYSTEM\WCNF.LSR
Creating file C:\LRSYSTEM\WCNF.LSR
Retrieving external file: WLGC.LSR
Copying C:\USERS\JAIME\DOCUME~1\OTROS\MAQUIN~1\INSTAL~1\COMPUB~1\LRSYSTEM\WLGC.LSR to C:\LRSYSTEM\WLGC.LSR
Creating file C:\LRSYSTEM\WLGC.LSR
Retrieving external file: WSHC.LSR
Copying C:\USERS\JAIME\DOCUME~1\OTROS\MAQUIN~1\INSTAL~1\COMPUB~1\LRSYSTEM\WSHC.LSR to C:\LRSYSTEM\WSHC.LSR
Creating file C:\LRSYSTEM\WSHC.LSR
Retrieving external file: WUEST.LSR
Copying C:\USERS\JAIME\DOCUME~1\OTROS\MAQUIN~1\INSTAL~1\COMPUB~1\LRSYSTEM\WUEST.LSR to C:\LRSYSTEM\WUEST.LSR
Creating file C:\LRSYSTEM\WUEST.LSR
Retrieving external file: AF2_SVV.RCM
Copying C:\USERS\JAIME\DOCUME~1\OTROS\MAQUIN~1\INSTAL~1\COMPUB~1\LRSYSTEM\AF2_SVV.RCM to C:\LRSYSTEM\AF2_SVV.RCM
Creating file C:\LRSYSTEM\AF2_SVV.RCM
Retrieving external file: BHS_LXX.RCM
Copying C:\USERS\JAIME\DOCUME~1\OTROS\MAQUIN~1\INSTAL~1\COMPUB~1\LRSYSTEM\BHS_LXX.RCM to C:\LRSYSTEM\BHS_LXX.RCM
Creating file C:\LRSYSTEM\BHS_LXX.RCM
Retrieving external file: BHS_NJB.RCM
Copying C:\USERS\JAIME\DOCUME~1\OTROS\MAQUIN~1\INSTAL~1\COMPUB~1\LRSYSTEM\BHS_NJB.RCM to C:\LRSYSTEM\BHS_NJB.RCM
Creating file C:\LRSYSTEM\BHS_NJB.RCM
Retrieving external file: DEF_AF1.RCM
Copying C:\USERS\JAIME\DOCUME~1\OTROS\MAQUIN~1\INSTAL~1\COMPUB~1\LRSYSTEM\DEF_AF1.RCM to C:\LRSYSTEM\DEF_AF1.RCM
Creating file C:\LRSYSTEM\DEF_AF1.RCM
Retrieving external file: DEF_AF2.RCM
Copying C:\USERS\JAIME\DOCUME~1\OTROS\MAQUIN~1\INSTAL~1\COMPUB~1\LRSYSTEM\DEF_AF2.RCM to C:\LRSYSTEM\DEF_AF2.RCM
Creating file C:\LRSYSTEM\DEF_AF2.RCM
Retrieving external file: DEF_BHS.RCM
Copying C:\USERS\JAIME\DOCUME~1\OTROS\MAQUIN~1\INSTAL~1\COMPUB~1\LRSYSTEM\DEF_BHS.RCM to C:\LRSYSTEM\DEF_BHS.RCM
Creating file C:\LRSYSTEM\DEF_BHS.RCM
Retrieving external file: DEF_KJV.RCM
Copying C:\USERS\JAIME\DOCUME~1\OTROS\MAQUIN~1\INSTAL~1\COMPUB~1\LRSYSTEM\DEF_KJV.RCM to C:\LRSYSTEM\DEF_KJV.RCM
Creating file C:\LRSYSTEM\DEF_KJV.RCM
Retrieving external file: DEF_LSG.RCM
Copying C:\USERS\JAIME\DOCUME~1\OTROS\MAQUIN~1\INSTAL~1\COMPUB~1\LRSYSTEM\DEF_LSG.RCM to C:\LRSYSTEM\DEF_LSG.RCM
Creating file C:\LRSYSTEM\DEF_LSG.RCM
Retrieving external file: DEF_LUT.RCM
Copying C:\USERS\JAIME\DOCUME~1\OTROS\MAQUIN~1\INSTAL~1\COMPUB~1\LRSYSTEM\DEF_LUT.RCM to C:\LRSYSTEM\DEF_LUT.RCM
Creating file C:\LRSYSTEM\DEF_LUT.RCM
Retrieving external file: DEF_RV60.RCM
Copying C:\USERS\JAIME\DOCUME~1\OTROS\MAQUIN~1\INSTAL~1\COMPUB~1\LRSYSTEM\DEF_RV60.RCM to C:\LRSYSTEM\DEF_RV60.RCM
Creating file C:\LRSYSTEM\DEF_RV60.RCM
Retrieving external file: NJB_NAB.RCM
Copying C:\USERS\JAIME\DOCUME~1\OTROS\MAQUIN~1\INSTAL~1\COMPUB~1\LRSYSTEM\NJB_NAB.RCM to C:\LRSYSTEM\NJB_NAB.RCM
Creating file C:\LRSYSTEM\NJB_NAB.RCM
Retrieving external file: VUL_BHS.RCM
Copying C:\USERS\JAIME\DOCUME~1\OTROS\MAQUIN~1\INSTAL~1\COMPUB~1\LRSYSTEM\VUL_BHS.RCM to C:\LRSYSTEM\VUL_BHS.RCM
Creating file C:\LRSYSTEM\VUL_BHS.RCM
Retrieving external file: AF1.VMP
Copying C:\USERS\JAIME\DOCUME~1\OTROS\MAQUIN~1\INSTAL~1\COMPUB~1\LRSYSTEM\AF1.VMP to C:\LRSYSTEM\AF1.VMP
Creating file C:\LRSYSTEM\AF1.VMP
Retrieving external file: AF2.VMP
Copying C:\USERS\JAIME\DOCUME~1\OTROS\MAQUIN~1\INSTAL~1\COMPUB~1\LRSYSTEM\AF2.VMP to C:\LRSYSTEM\AF2.VMP
Creating file C:\LRSYSTEM\AF2.VMP
Retrieving external file: BHS.VMP
Copying C:\USERS\JAIME\DOCUME~1\OTROS\MAQUIN~1\INSTAL~1\COMPUB~1\LRSYSTEM\BHS.VMP to C:\LRSYSTEM\BHS.VMP
Creating file C:\LRSYSTEM\BHS.VMP
Retrieving external file: DEFAULT.VMP
Copying C:\USERS\JAIME\DOCUME~1\OTROS\MAQUIN~1\INSTAL~1\COMPUB~1\LRSYSTEM\DEFAULT.VMP to C:\LRSYSTEM\DEFAULT.VMP
Creating file C:\LRSYSTEM\DEFAULT.VMP
Retrieving external file: KJV.VMP
Copying C:\USERS\JAIME\DOCUME~1\OTROS\MAQUIN~1\INSTAL~1\COMPUB~1\LRSYSTEM\KJV.VMP to C:\LRSYSTEM\KJV.VMP
Creating file C:\LRSYSTEM\KJV.VMP
Retrieving external file: LSG.VMP
Copying C:\USERS\JAIME\DOCUME~1\OTROS\MAQUIN~1\INSTAL~1\COMPUB~1\LRSYSTEM\LSG.VMP to C:\LRSYSTEM\LSG.VMP
Creating file C:\LRSYSTEM\LSG.VMP
Retrieving external file: LUT.VMP
Copying C:\USERS\JAIME\DOCUME~1\OTROS\MAQUIN~1\INSTAL~1\COMPUB~1\LRSYSTEM\LUT.VMP to C:\LRSYSTEM\LUT.VMP
Creating file C:\LRSYSTEM\LUT.VMP
Retrieving external file: LXX.VMP
Copying C:\USERS\JAIME\DOCUME~1\OTROS\MAQUIN~1\INSTAL~1\COMPUB~1\LRSYSTEM\LXX.VMP to C:\LRSYSTEM\LXX.VMP
Creating file C:\LRSYSTEM\LXX.VMP
Retrieving external file: NAB.VMP
Copying C:\USERS\JAIME\DOCUME~1\OTROS\MAQUIN~1\INSTAL~1\COMPUB~1\LRSYSTEM\NAB.VMP to C:\LRSYSTEM\NAB.VMP
Creating file C:\LRSYSTEM\NAB.VMP
Retrieving external file: NJB.VMP
Copying C:\USERS\JAIME\DOCUME~1\OTROS\MAQUIN~1\INSTAL~1\COMPUB~1\LRSYSTEM\NJB.VMP to C:\LRSYSTEM\NJB.VMP
Creating file C:\LRSYSTEM\NJB.VMP
Retrieving external file: RVR60.VMP
Copying C:\USERS\JAIME\DOCUME~1\OTROS\MAQUIN~1\INSTAL~1\COMPUB~1\LRSYSTEM\RVR60.VMP to C:\LRSYSTEM\RVR60.VMP
Creating file C:\LRSYSTEM\RVR60.VMP
Retrieving external file: SVV.VMP
Copying C:\USERS\JAIME\DOCUME~1\OTROS\MAQUIN~1\INSTAL~1\COMPUB~1\LRSYSTEM\SVV.VMP to C:\LRSYSTEM\SVV.VMP
Creating file C:\LRSYSTEM\SVV.VMP
Retrieving external file: VUL.VMP
Copying C:\USERS\JAIME\DOCUME~1\OTROS\MAQUIN~1\INSTAL~1\COMPUB~1\LRSYSTEM\VUL.VMP to C:\LRSYSTEM\VUL.VMP
Creating file C:\LRSYSTEM\VUL.VMP
Retrieving external file: AMEN.WAV
Copying C:\USERS\JAIME\DOCUME~1\OTROS\MAQUIN~1\INSTAL~1\COMPUB~1\WAV\AMEN.WAV to C:\COMPUBIB\AMEN.WAV
Creating file C:\COMPUBIB\AMEN.WAV
Retrieving external file: BLOOP.WAV
Copying C:\USERS\JAIME\DOCUME~1\OTROS\MAQUIN~1\INSTAL~1\COMPUB~1\WAV\BLOOP.WAV to C:\COMPUBIB\BLOOP.WAV
Creating file C:\COMPUBIB\BLOOP.WAV
Retrieving external file: ISING.WAV
Copying C:\USERS\JAIME\DOCUME~1\OTROS\MAQUIN~1\INSTAL~1\COMPUB~1\WAV\ISING.WAV to C:\COMPUBIB\ISING.WAV
Creating file C:\COMPUBIB\ISING.WAV
Retrieving external file: JOYFUL.WAV
Copying C:\USERS\JAIME\DOCUME~1\OTROS\MAQUIN~1\INSTAL~1\COMPUB~1\WAV\JOYFUL.WAV to C:\COMPUBIB\JOYFUL.WAV
Creating file C:\COMPUBIB\JOYFUL.WAV
Retrieving external file: OWORSHIP.WAV
Copying C:\USERS\JAIME\DOCUME~1\OTROS\MAQUIN~1\INSTAL~1\COMPUB~1\WAV\OWORSHIP.WAV to C:\COMPUBIB\OWORSHIP.WAV
Creating file C:\COMPUBIB\OWORSHIP.WAV
Retrieving external file: POP.WAV
Copying C:\USERS\JAIME\DOCUME~1\OTROS\MAQUIN~1\INSTAL~1\COMPUB~1\WAV\POP.WAV to C:\COMPUBIB\POP.WAV
Creating file C:\COMPUBIB\POP.WAV
Created directory C:\COMPUBIB\BOOKS\
Retrieving external file: UBS_ELS.LIX
Copying C:\USERS\JAIME\DOCUME~1\OTROS\MAQUIN~1\INSTAL~1\COMPUB~1\BOOKS\UBS_ELS.LIX to C:\COMPUBIB\BOOKS\UBS_ELS.LIX
Creating file C:\COMPUBIB\BOOKS\UBS_ELS.LIX
Retrieving external file: UBS_ELS.LSF
Copying C:\USERS\JAIME\DOCUME~1\OTROS\MAQUIN~1\INSTAL~1\COMPUB~1\BOOKS\UBS_ELS.LSF to C:\COMPUBIB\BOOKS\UBS_ELS.LSF
Creating file C:\COMPUBIB\BOOKS\UBS_ELS.LSF
Retrieving external file: GUIDESP.LIX
Copying C:\USERS\JAIME\DOCUME~1\OTROS\MAQUIN~1\INSTAL~1\COMPUB~1\BOOKS\GUIDESP.LIX to C:\COMPUBIB\BOOKS\GUIDESP.LIX
Creating file C:\COMPUBIB\BOOKS\GUIDESP.LIX
Retrieving external file: GUIDESP.LSF
Copying C:\USERS\JAIME\DOCUME~1\OTROS\MAQUIN~1\INSTAL~1\COMPUB~1\BOOKS\GUIDESP.LSF to C:\COMPUBIB\BOOKS\GUIDESP.LSF
Creating file C:\COMPUBIB\BOOKS\GUIDESP.LSF
Retrieving external file: UBSOVB.LIX
Copying C:\USERS\JAIME\DOCUME~1\OTROS\MAQUIN~1\INSTAL~1\COMPUB~1\BOOKS\UBSOVB.LIX to C:\COMPUBIB\BOOKS\UBSOVB.LIX
Creating file C:\COMPUBIB\BOOKS\UBSOVB.LIX
Retrieving external file: UBSOVB.LSF
Copying C:\USERS\JAIME\DOCUME~1\OTROS\MAQUIN~1\INSTAL~1\COMPUB~1\BOOKS\UBSOVB.LSF to C:\COMPUBIB\BOOKS\UBSOVB.LSF
Creating file C:\COMPUBIB\BOOKS\UBSOVB.LSF
Retrieving external file: UBSSHELP.LIX
Copying C:\USERS\JAIME\DOCUME~1\OTROS\MAQUIN~1\INSTAL~1\COMPUB~1\BOOKS\UBSSHELP.LIX to C:\LRSYSTEM\UBSSHELP.LIX
Creating file C:\LRSYSTEM\UBSSHELP.LIX
Retrieving external file: UBSSHELP.LSF
Copying C:\USERS\JAIME\DOCUME~1\OTROS\MAQUIN~1\INSTAL~1\COMPUB~1\BOOKS\UBSSHELP.LSF to C:\LRSYSTEM\UBSSHELP.LSF
Creating file C:\LRSYSTEM\UBSSHELP.LSF
Retrieving external file: UBS_TIPS.LIX
Copying C:\USERS\JAIME\DOCUME~1\OTROS\MAQUIN~1\INSTAL~1\COMPUB~1\BOOKS\UBS_TIPS.LIX to C:\LRSYSTEM\UBS_TIPS.LIX
Creating file C:\LRSYSTEM\UBS_TIPS.LIX
Retrieving external file: UBS_TIPS.LSF
Copying C:\USERS\JAIME\DOCUME~1\OTROS\MAQUIN~1\INSTAL~1\COMPUB~1\BOOKS\UBS_TIPS.LSF to C:\LRSYSTEM\UBS_TIPS.LSF
Creating file C:\LRSYSTEM\UBS_TIPS.LSF
Retrieving external file: WORDS.LWF
Copying C:\USERS\JAIME\DOCUME~1\OTROS\MAQUIN~1\INSTAL~1\COMPUB~1\WORDS\UBS.LWF to C:\LRSYSTEM\WORDS.LWF
Creating file C:\LRSYSTEM\WORDS.LWF
Initializing logos20.ini.
Adding Icons to Progman
